<?xml version="1.0" encoding="UTF-8"?>
<coverage generated="1621326383">
  <project timestamp="1621326383">
    <file name="/Users/1024mbits/Repositorios_Git/homestead/codigo/php-packages/storage-link-route/src/Http/Controllers/StorageLinkController.php">
      <class name="Dev1024\StorageLinkRoute\Http\Controllers\StorageLinkController" namespace="global">
        <metrics complexity="2" methods="1" coveredmethods="1" conditionals="0" coveredconditionals="0" statements="7" coveredstatements="7" elements="8" coveredelements="8"/>
      </class>
      <line num="9" type="method" name="__invoke" visibility="public" complexity="2" crap="2" count="2"/>
      <line num="11" type="stmt" count="2"/>
      <line num="12" type="stmt" count="1"/>
      <line num="13" type="stmt" count="1"/>
      <line num="18" type="stmt" count="1"/>
      <line num="19" type="stmt" count="1"/>
      <line num="22" type="stmt" count="1"/>
      <line num="23" type="stmt" count="1"/>
      <line num="27" type="stmt" count="1"/>
      <metrics loc="26" ncloc="26" classes="1" methods="1" coveredmethods="1" conditionals="0" coveredconditionals="0" statements="7" coveredstatements="7" elements="8" coveredelements="8"/>
    </file>
    <file name="/Users/1024mbits/Repositorios_Git/homestead/codigo/php-packages/storage-link-route/src/StorageLinkRouteServiceProvider.php">
      <class name="Dev1024\StorageLinkRoute\StorageLinkRouteServiceProvider" namespace="global">
        <metrics complexity="2" methods="2" coveredmethods="2" conditionals="0" coveredconditionals="0" statements="9" coveredstatements="9" elements="11" coveredelements="11"/>
      </class>
      <line num="15" type="method" name="boot" visibility="public" complexity="1" crap="1" count="2"/>
      <line num="17" type="stmt" count="2"/>
      <line num="18" type="stmt" count="2"/>
      <line num="21" type="stmt" count="2"/>
      <line num="22" type="stmt" count="2"/>
      <line num="25" type="stmt" count="2"/>
      <line num="26" type="stmt" count="2"/>
      <line num="27" type="stmt" count="2"/>
      <line num="28" type="stmt" count="2"/>
      <line num="35" type="method" name="basePath" visibility="protected" complexity="1" crap="1" count="2"/>
      <line num="37" type="stmt" count="2"/>
      <line num="39" type="stmt" count="1"/>
      <metrics loc="38" ncloc="28" classes="1" methods="2" coveredmethods="2" conditionals="0" coveredconditionals="0" statements="9" coveredstatements="9" elements="11" coveredelements="11"/>
    </file>
    <metrics files="2" loc="64" ncloc="54" classes="2" methods="3" coveredmethods="3" conditionals="0" coveredconditionals="0" statements="16" coveredstatements="16" elements="19" coveredelements="19"/>
  </project>
</coverage>
